{"/Users/kashyap/Documents/Work/interview/react-microfrontend-demo/react-microfrontend-demo/remote/tailwind.config.js": {"path":"/Users/kashyap/Documents/Work/interview/react-microfrontend-demo/react-microfrontend-demo/remote/tailwind.config.js","statementMap":{"0":{"start":{"line":2,"column":0},"end":{"line":71,"column":2}}},"fnMap":{},"branchMap":{},"s":{"0":0},"f":{},"b":{}}
,"/Users/kashyap/Documents/Work/interview/react-microfrontend-demo/react-microfrontend-demo/remote/src/main.tsx": {"path":"/Users/kashyap/Documents/Work/interview/react-microfrontend-demo/react-microfrontend-demo/remote/src/main.tsx","statementMap":{"0":{"start":{"line":7,"column":0},"end":{"line":11,"column":null}}},"fnMap":{},"branchMap":{},"s":{"0":0},"f":{},"b":{}}
,"/Users/kashyap/Documents/Work/interview/react-microfrontend-demo/react-microfrontend-demo/remote/src/music-app.tsx": {"path":"/Users/kashyap/Documents/Work/interview/react-microfrontend-demo/react-microfrontend-demo/remote/src/music-app.tsx","statementMap":{"0":{"start":{"line":11,"column":18},"end":{"line":11,"column":null}},"1":{"start":{"line":11,"column":35},"end":{"line":11,"column":58}},"2":{"start":{"line":12,"column":21},"end":{"line":12,"column":null}},"3":{"start":{"line":12,"column":38},"end":{"line":12,"column":81}},"4":{"start":{"line":13,"column":20},"end":{"line":13,"column":null}},"5":{"start":{"line":13,"column":37},"end":{"line":13,"column":71}},"6":{"start":{"line":18,"column":12},"end":{"line":35,"column":null}},"7":{"start":{"line":19,"column":1},"end":{"line":33,"column":null}},"8":{"start":{"line":38,"column":20},"end":{"line":41,"column":null}},"9":{"start":{"line":39,"column":29},"end":{"line":39,"column":null}},"10":{"start":{"line":40,"column":1},"end":{"line":40,"column":null}}},"fnMap":{"0":{"name":"(anonymous_0)","decl":{"start":{"line":11,"column":29},"end":{"line":11,"column":35}},"loc":{"start":{"line":11,"column":35},"end":{"line":11,"column":58}}},"1":{"name":"(anonymous_1)","decl":{"start":{"line":12,"column":32},"end":{"line":12,"column":38}},"loc":{"start":{"line":12,"column":38},"end":{"line":12,"column":81}}},"2":{"name":"(anonymous_2)","decl":{"start":{"line":13,"column":31},"end":{"line":13,"column":37}},"loc":{"start":{"line":13,"column":37},"end":{"line":13,"column":71}}},"3":{"name":"(anonymous_3)","decl":{"start":{"line":18,"column":12},"end":{"line":18,"column":18}},"loc":{"start":{"line":18,"column":18},"end":{"line":35,"column":null}}},"4":{"name":"(anonymous_4)","decl":{"start":{"line":38,"column":20},"end":{"line":38,"column":26}},"loc":{"start":{"line":38,"column":26},"end":{"line":41,"column":null}}}},"branchMap":{"0":{"loc":{"start":{"line":40,"column":8},"end":{"line":40,"column":null}},"type":"cond-expr","locations":[{"start":{"line":40,"column":26},"end":{"line":40,"column":63}},{"start":{"line":40,"column":63},"end":{"line":40,"column":null}}]}},"s":{"0":0,"1":0,"2":0,"3":0,"4":0,"5":0,"6":0,"7":0,"8":0,"9":0,"10":0},"f":{"0":0,"1":0,"2":0,"3":0,"4":0},"b":{"0":[0,0]}}
,"/Users/kashyap/Documents/Work/interview/react-microfrontend-demo/react-microfrontend-demo/remote/src/components/MusicPlayer.tsx": {"path":"/Users/kashyap/Documents/Work/interview/react-microfrontend-demo/react-microfrontend-demo/remote/src/components/MusicPlayer.tsx","statementMap":{"0":{"start":{"line":6,"column":19},"end":{"line":6,"column":null}},"1":{"start":{"line":6,"column":30},"end":{"line":6,"column":57}},"2":{"start":{"line":8,"column":20},"end":{"line":41,"column":null}},"3":{"start":{"line":9,"column":37},"end":{"line":9,"column":null}},"4":{"start":{"line":10,"column":35},"end":{"line":10,"column":null}},"5":{"start":{"line":12,"column":1},"end":{"line":18,"column":null}},"6":{"start":{"line":13,"column":2},"end":{"line":17,"column":null}},"7":{"start":{"line":14,"column":3},"end":{"line":14,"column":null}},"8":{"start":{"line":16,"column":3},"end":{"line":16,"column":null}},"9":{"start":{"line":20,"column":1},"end":{"line":20,"column":null}},"10":{"start":{"line":20,"column":20},"end":{"line":20,"column":null}},"11":{"start":{"line":22,"column":1},"end":{"line":39,"column":null}},"12":{"start":{"line":34,"column":76},"end":{"line":34,"column":96}},"13":{"start":{"line":37,"column":77},"end":{"line":37,"column":114}}},"fnMap":{"0":{"name":"(anonymous_0)","decl":{"start":{"line":6,"column":24},"end":{"line":6,"column":30}},"loc":{"start":{"line":6,"column":30},"end":{"line":6,"column":57}}},"1":{"name":"(anonymous_1)","decl":{"start":{"line":8,"column":20},"end":{"line":8,"column":26}},"loc":{"start":{"line":8,"column":26},"end":{"line":41,"column":null}}},"2":{"name":"(anonymous_2)","decl":{"start":{"line":12,"column":11},"end":{"line":12,"column":17}},"loc":{"start":{"line":12,"column":17},"end":{"line":18,"column":4}}},"3":{"name":"(anonymous_3)","decl":{"start":{"line":34,"column":70},"end":{"line":34,"column":76}},"loc":{"start":{"line":34,"column":76},"end":{"line":34,"column":96}}},"4":{"name":"(anonymous_4)","decl":{"start":{"line":37,"column":71},"end":{"line":37,"column":77}},"loc":{"start":{"line":37,"column":77},"end":{"line":37,"column":114}}}},"branchMap":{"0":{"loc":{"start":{"line":13,"column":2},"end":{"line":17,"column":null}},"type":"if","locations":[{"start":{"line":13,"column":2},"end":{"line":17,"column":null}},{"start":{"line":15,"column":9},"end":{"line":17,"column":null}}]},"1":{"loc":{"start":{"line":20,"column":1},"end":{"line":20,"column":null}},"type":"if","locations":[{"start":{"line":20,"column":1},"end":{"line":20,"column":null}},{"start":{},"end":{}}]},"2":{"loc":{"start":{"line":31,"column":5},"end":{"line":34,"column":null}},"type":"cond-expr","locations":[{"start":{"line":32,"column":5},"end":{"line":32,"column":null}},{"start":{"line":34,"column":5},"end":{"line":34,"column":null}}]}},"s":{"0":0,"1":0,"2":0,"3":0,"4":0,"5":0,"6":0,"7":0,"8":0,"9":0,"10":0,"11":0,"12":0,"13":0},"f":{"0":0,"1":0,"2":0,"3":0,"4":0},"b":{"0":[0,0],"1":[0,0],"2":[0,0]}}
,"/Users/kashyap/Documents/Work/interview/react-microfrontend-demo/react-microfrontend-demo/remote/src/components/Navbar.tsx": {"path":"/Users/kashyap/Documents/Work/interview/react-microfrontend-demo/react-microfrontend-demo/remote/src/components/Navbar.tsx","statementMap":{"0":{"start":{"line":5,"column":15},"end":{"line":28,"column":null}},"1":{"start":{"line":6,"column":37},"end":{"line":6,"column":null}},"2":{"start":{"line":8,"column":1},"end":{"line":26,"column":null}}},"fnMap":{"0":{"name":"(anonymous_0)","decl":{"start":{"line":5,"column":15},"end":{"line":5,"column":21}},"loc":{"start":{"line":5,"column":21},"end":{"line":28,"column":null}}}},"branchMap":{"0":{"loc":{"start":{"line":14,"column":5},"end":{"line":23,"column":null}},"type":"cond-expr","locations":[{"start":{"line":15,"column":5},"end":{"line":19,"column":null}},{"start":{"line":21,"column":5},"end":{"line":23,"column":null}}]}},"s":{"0":0,"1":0,"2":0},"f":{"0":0},"b":{"0":[0,0]}}
,"/Users/kashyap/Documents/Work/interview/react-microfrontend-demo/react-microfrontend-demo/remote/src/components/ProtectedRoute.tsx": {"path":"/Users/kashyap/Documents/Work/interview/react-microfrontend-demo/react-microfrontend-demo/remote/src/components/ProtectedRoute.tsx","statementMap":{"0":{"start":{"line":10,"column":23},"end":{"line":18,"column":null}},"1":{"start":{"line":11,"column":29},"end":{"line":11,"column":null}},"2":{"start":{"line":13,"column":1},"end":{"line":15,"column":null}},"3":{"start":{"line":14,"column":2},"end":{"line":14,"column":null}},"4":{"start":{"line":17,"column":1},"end":{"line":17,"column":null}}},"fnMap":{"0":{"name":"(anonymous_0)","decl":{"start":{"line":10,"column":23},"end":{"line":10,"column":24}},"loc":{"start":{"line":10,"column":82},"end":{"line":18,"column":null}}}},"branchMap":{"0":{"loc":{"start":{"line":10,"column":36},"end":{"line":10,"column":55}},"type":"default-arg","locations":[{"start":{"line":10,"column":51},"end":{"line":10,"column":55}}]},"1":{"loc":{"start":{"line":13,"column":1},"end":{"line":15,"column":null}},"type":"if","locations":[{"start":{"line":13,"column":1},"end":{"line":15,"column":null}},{"start":{},"end":{}}]}},"s":{"0":0,"1":0,"2":0,"3":0,"4":0},"f":{"0":0},"b":{"0":[0],"1":[0,0]}}
,"/Users/kashyap/Documents/Work/interview/react-microfrontend-demo/react-microfrontend-demo/remote/src/components/error-page/index.tsx": {"path":"/Users/kashyap/Documents/Work/interview/react-microfrontend-demo/react-microfrontend-demo/remote/src/components/error-page/index.tsx","statementMap":{"0":{"start":{"line":5,"column":1},"end":{"line":11,"column":null}}},"fnMap":{"0":{"name":"ErrorPage","decl":{"start":{"line":4,"column":24},"end":{"line":4,"column":36}},"loc":{"start":{"line":4,"column":36},"end":{"line":13,"column":null}}}},"branchMap":{},"s":{"0":0},"f":{"0":0},"b":{}}
,"/Users/kashyap/Documents/Work/interview/react-microfrontend-demo/react-microfrontend-demo/remote/src/components/layout/index.tsx": {"path":"/Users/kashyap/Documents/Work/interview/react-microfrontend-demo/react-microfrontend-demo/remote/src/components/layout/index.tsx","statementMap":{"0":{"start":{"line":3,"column":29},"end":{"line":3,"column":null}},"1":{"start":{"line":3,"column":59},"end":{"line":3,"column":null}},"2":{"start":{"line":5,"column":32},"end":{"line":12,"column":null}},"3":{"start":{"line":6,"column":1},"end":{"line":10,"column":null}}},"fnMap":{"0":{"name":"(anonymous_0)","decl":{"start":{"line":3,"column":29},"end":{"line":3,"column":30}},"loc":{"start":{"line":3,"column":59},"end":{"line":3,"column":null}}},"1":{"name":"(anonymous_1)","decl":{"start":{"line":5,"column":32},"end":{"line":5,"column":33}},"loc":{"start":{"line":5,"column":62},"end":{"line":12,"column":null}}}},"branchMap":{},"s":{"0":1,"1":1,"2":1,"3":1},"f":{"0":1,"1":1},"b":{}}
,"/Users/kashyap/Documents/Work/interview/react-microfrontend-demo/react-microfrontend-demo/remote/src/components/ui/Button.tsx": {"path":"/Users/kashyap/Documents/Work/interview/react-microfrontend-demo/react-microfrontend-demo/remote/src/components/ui/Button.tsx","statementMap":{"0":{"start":{"line":8,"column":23},"end":{"line":32,"column":null}},"1":{"start":{"line":38,"column":15},"end":{"line":43,"column":null}},"2":{"start":{"line":40,"column":15},"end":{"line":40,"column":null}},"3":{"start":{"line":41,"column":2},"end":{"line":41,"column":null}},"4":{"start":{"line":44,"column":0},"end":{"line":44,"column":null}}},"fnMap":{"0":{"name":"(anonymous_0)","decl":{"start":{"line":39,"column":1},"end":{"line":39,"column":2}},"loc":{"start":{"line":39,"column":67},"end":{"line":42,"column":null}}}},"branchMap":{"0":{"loc":{"start":{"line":39,"column":30},"end":{"line":39,"column":47}},"type":"default-arg","locations":[{"start":{"line":39,"column":40},"end":{"line":39,"column":47}}]},"1":{"loc":{"start":{"line":40,"column":15},"end":{"line":40,"column":null}},"type":"cond-expr","locations":[{"start":{"line":40,"column":25},"end":{"line":40,"column":32}},{"start":{"line":40,"column":32},"end":{"line":40,"column":null}}]}},"s":{"0":0,"1":0,"2":0,"3":0,"4":0},"f":{"0":0},"b":{"0":[0],"1":[0,0]}}
,"/Users/kashyap/Documents/Work/interview/react-microfrontend-demo/react-microfrontend-demo/remote/src/components/ui/Input.tsx": {"path":"/Users/kashyap/Documents/Work/interview/react-microfrontend-demo/react-microfrontend-demo/remote/src/components/ui/Input.tsx","statementMap":{"0":{"start":{"line":9,"column":21},"end":{"line":29,"column":null}},"1":{"start":{"line":10,"column":31},"end":{"line":10,"column":null}},"2":{"start":{"line":12,"column":1},"end":{"line":27,"column":null}},"3":{"start":{"line":17,"column":18},"end":{"line":17,"column":null}}},"fnMap":{"0":{"name":"(anonymous_0)","decl":{"start":{"line":9,"column":21},"end":{"line":9,"column":22}},"loc":{"start":{"line":9,"column":76},"end":{"line":29,"column":null}}},"1":{"name":"(anonymous_1)","decl":{"start":{"line":17,"column":12},"end":{"line":17,"column":18}},"loc":{"start":{"line":17,"column":18},"end":{"line":17,"column":null}}}},"branchMap":{"0":{"loc":{"start":{"line":20,"column":5},"end":{"line":22,"column":null}},"type":"cond-expr","locations":[{"start":{"line":21,"column":8},"end":{"line":21,"column":null}},{"start":{"line":22,"column":8},"end":{"line":22,"column":null}}]},"1":{"loc":{"start":{"line":20,"column":5},"end":{"line":20,"column":null}},"type":"binary-expr","locations":[{"start":{"line":20,"column":5},"end":{"line":20,"column":14}},{"start":{"line":20,"column":14},"end":{"line":20,"column":null}}]},"2":{"loc":{"start":{"line":26,"column":4},"end":{"line":26,"column":null}},"type":"binary-expr","locations":[{"start":{"line":26,"column":4},"end":{"line":26,"column":13}},{"start":{"line":26,"column":13},"end":{"line":26,"column":24}},{"start":{"line":26,"column":24},"end":{"line":26,"column":null}}]}},"s":{"0":0,"1":0,"2":0,"3":0},"f":{"0":0,"1":0},"b":{"0":[0,0],"1":[0,0],"2":[0,0,0]}}
,"/Users/kashyap/Documents/Work/interview/react-microfrontend-demo/react-microfrontend-demo/remote/src/components/ui/alertbox.tsx": {"path":"/Users/kashyap/Documents/Work/interview/react-microfrontend-demo/react-microfrontend-demo/remote/src/components/ui/alertbox.tsx","statementMap":{"0":{"start":{"line":11,"column":24},"end":{"line":52,"column":null}},"1":{"start":{"line":12,"column":25},"end":{"line":12,"column":null}},"2":{"start":{"line":14,"column":1},"end":{"line":50,"column":null}},"3":{"start":{"line":17,"column":111},"end":{"line":17,"column":null}},"4":{"start":{"line":31,"column":107},"end":{"line":31,"column":123}},"5":{"start":{"line":40,"column":9},"end":{"line":40,"column":null}},"6":{"start":{"line":41,"column":9},"end":{"line":41,"column":null}}},"fnMap":{"0":{"name":"(anonymous_0)","decl":{"start":{"line":11,"column":24},"end":{"line":11,"column":25}},"loc":{"start":{"line":11,"column":106},"end":{"line":52,"column":null}}},"1":{"name":"(anonymous_1)","decl":{"start":{"line":17,"column":105},"end":{"line":17,"column":111}},"loc":{"start":{"line":17,"column":111},"end":{"line":17,"column":null}}},"2":{"name":"(anonymous_2)","decl":{"start":{"line":31,"column":101},"end":{"line":31,"column":107}},"loc":{"start":{"line":31,"column":107},"end":{"line":31,"column":123}}},"3":{"name":"(anonymous_3)","decl":{"start":{"line":39,"column":17},"end":{"line":39,"column":23}},"loc":{"start":{"line":39,"column":23},"end":{"line":42,"column":null}}}},"branchMap":{"0":{"loc":{"start":{"line":11,"column":58},"end":{"line":11,"column":85}},"type":"default-arg","locations":[{"start":{"line":11,"column":72},"end":{"line":11,"column":85}}]}},"s":{"0":0,"1":0,"2":0,"3":0,"4":0,"5":0,"6":0},"f":{"0":0,"1":0,"2":0,"3":0},"b":{"0":[0]}}
,"/Users/kashyap/Documents/Work/interview/react-microfrontend-demo/react-microfrontend-demo/remote/src/components/ui/popover.tsx": {"path":"/Users/kashyap/Documents/Work/interview/react-microfrontend-demo/react-microfrontend-demo/remote/src/components/ui/popover.tsx","statementMap":{"0":{"start":{"line":6,"column":16},"end":{"line":6,"column":null}},"1":{"start":{"line":8,"column":23},"end":{"line":8,"column":null}},"2":{"start":{"line":10,"column":21},"end":{"line":10,"column":null}},"3":{"start":{"line":12,"column":23},"end":{"line":28,"column":null}},"4":{"start":{"line":16,"column":1},"end":{"line":27,"column":null}},"5":{"start":{"line":29,"column":0},"end":{"line":29,"column":null}}},"fnMap":{"0":{"name":"(anonymous_0)","decl":{"start":{"line":15,"column":2},"end":{"line":15,"column":3}},"loc":{"start":{"line":16,"column":1},"end":{"line":27,"column":null}}}},"branchMap":{"0":{"loc":{"start":{"line":15,"column":16},"end":{"line":15,"column":34}},"type":"default-arg","locations":[{"start":{"line":15,"column":24},"end":{"line":15,"column":34}}]},"1":{"loc":{"start":{"line":15,"column":34},"end":{"line":15,"column":50}},"type":"default-arg","locations":[{"start":{"line":15,"column":47},"end":{"line":15,"column":50}}]}},"s":{"0":0,"1":0,"2":0,"3":0,"4":0,"5":0},"f":{"0":0},"b":{"0":[0],"1":[0]}}
,"/Users/kashyap/Documents/Work/interview/react-microfrontend-demo/react-microfrontend-demo/remote/src/context/AuthContext.tsx": {"path":"/Users/kashyap/Documents/Work/interview/react-microfrontend-demo/react-microfrontend-demo/remote/src/context/AuthContext.tsx","statementMap":{"0":{"start":{"line":13,"column":20},"end":{"line":13,"column":null}},"1":{"start":{"line":15,"column":28},"end":{"line":64,"column":null}},"2":{"start":{"line":16,"column":47},"end":{"line":16,"column":null}},"3":{"start":{"line":17,"column":25},"end":{"line":17,"column":null}},"4":{"start":{"line":18,"column":18},"end":{"line":18,"column":null}},"5":{"start":{"line":20,"column":1},"end":{"line":33,"column":null}},"6":{"start":{"line":21,"column":16},"end":{"line":21,"column":null}},"7":{"start":{"line":22,"column":21},"end":{"line":22,"column":null}},"8":{"start":{"line":24,"column":2},"end":{"line":32,"column":null}},"9":{"start":{"line":25,"column":3},"end":{"line":25,"column":null}},"10":{"start":{"line":26,"column":3},"end":{"line":26,"column":null}},"11":{"start":{"line":27,"column":3},"end":{"line":27,"column":null}},"12":{"start":{"line":29,"column":3},"end":{"line":29,"column":null}},"13":{"start":{"line":30,"column":3},"end":{"line":30,"column":null}},"14":{"start":{"line":31,"column":3},"end":{"line":31,"column":null}},"15":{"start":{"line":35,"column":15},"end":{"line":53,"column":null}},"16":{"start":{"line":37,"column":2},"end":{"line":51,"column":null}},"17":{"start":{"line":38,"column":3},"end":{"line":38,"column":null}},"18":{"start":{"line":39,"column":3},"end":{"line":39,"column":null}},"19":{"start":{"line":40,"column":3},"end":{"line":40,"column":null}},"20":{"start":{"line":41,"column":3},"end":{"line":41,"column":null}},"21":{"start":{"line":42,"column":3},"end":{"line":42,"column":null}},"22":{"start":{"line":43,"column":3},"end":{"line":43,"column":null}},"23":{"start":{"line":44,"column":2},"end":{"line":51,"column":null}},"24":{"start":{"line":45,"column":3},"end":{"line":45,"column":null}},"25":{"start":{"line":46,"column":3},"end":{"line":46,"column":null}},"26":{"start":{"line":47,"column":3},"end":{"line":47,"column":null}},"27":{"start":{"line":48,"column":3},"end":{"line":48,"column":null}},"28":{"start":{"line":49,"column":3},"end":{"line":49,"column":null}},"29":{"start":{"line":50,"column":3},"end":{"line":50,"column":null}},"30":{"start":{"line":52,"column":2},"end":{"line":52,"column":null}},"31":{"start":{"line":55,"column":16},"end":{"line":61,"column":null}},"32":{"start":{"line":56,"column":2},"end":{"line":56,"column":null}},"33":{"start":{"line":57,"column":2},"end":{"line":57,"column":null}},"34":{"start":{"line":58,"column":2},"end":{"line":58,"column":null}},"35":{"start":{"line":59,"column":2},"end":{"line":59,"column":null}},"36":{"start":{"line":60,"column":2},"end":{"line":60,"column":null}},"37":{"start":{"line":63,"column":1},"end":{"line":63,"column":null}},"38":{"start":{"line":66,"column":23},"end":{"line":72,"column":null}},"39":{"start":{"line":67,"column":17},"end":{"line":67,"column":null}},"40":{"start":{"line":68,"column":1},"end":{"line":70,"column":null}},"41":{"start":{"line":69,"column":2},"end":{"line":69,"column":null}},"42":{"start":{"line":71,"column":1},"end":{"line":71,"column":null}}},"fnMap":{"0":{"name":"(anonymous_0)","decl":{"start":{"line":15,"column":28},"end":{"line":15,"column":29}},"loc":{"start":{"line":15,"column":71},"end":{"line":64,"column":null}}},"1":{"name":"(anonymous_1)","decl":{"start":{"line":20,"column":11},"end":{"line":20,"column":17}},"loc":{"start":{"line":20,"column":17},"end":{"line":33,"column":4}}},"2":{"name":"(anonymous_2)","decl":{"start":{"line":35,"column":15},"end":{"line":35,"column":16}},"loc":{"start":{"line":35,"column":64},"end":{"line":53,"column":null}}},"3":{"name":"(anonymous_3)","decl":{"start":{"line":55,"column":16},"end":{"line":55,"column":22}},"loc":{"start":{"line":55,"column":22},"end":{"line":61,"column":null}}},"4":{"name":"(anonymous_4)","decl":{"start":{"line":66,"column":23},"end":{"line":66,"column":29}},"loc":{"start":{"line":66,"column":29},"end":{"line":72,"column":null}}}},"branchMap":{"0":{"loc":{"start":{"line":24,"column":2},"end":{"line":32,"column":null}},"type":"if","locations":[{"start":{"line":24,"column":2},"end":{"line":32,"column":null}},{"start":{"line":28,"column":9},"end":{"line":32,"column":null}}]},"1":{"loc":{"start":{"line":24,"column":6},"end":{"line":24,"column":27}},"type":"binary-expr","locations":[{"start":{"line":24,"column":6},"end":{"line":24,"column":15}},{"start":{"line":24,"column":15},"end":{"line":24,"column":27}}]},"2":{"loc":{"start":{"line":37,"column":2},"end":{"line":51,"column":null}},"type":"if","locations":[{"start":{"line":37,"column":2},"end":{"line":51,"column":null}},{"start":{"line":44,"column":2},"end":{"line":51,"column":null}}]},"3":{"loc":{"start":{"line":37,"column":6},"end":{"line":37,"column":55}},"type":"binary-expr","locations":[{"start":{"line":37,"column":6},"end":{"line":37,"column":30}},{"start":{"line":37,"column":30},"end":{"line":37,"column":55}}]},"4":{"loc":{"start":{"line":44,"column":2},"end":{"line":51,"column":null}},"type":"if","locations":[{"start":{"line":44,"column":2},"end":{"line":51,"column":null}},{"start":{},"end":{}}]},"5":{"loc":{"start":{"line":44,"column":13},"end":{"line":44,"column":60}},"type":"binary-expr","locations":[{"start":{"line":44,"column":13},"end":{"line":44,"column":36}},{"start":{"line":44,"column":36},"end":{"line":44,"column":60}}]},"6":{"loc":{"start":{"line":68,"column":1},"end":{"line":70,"column":null}},"type":"if","locations":[{"start":{"line":68,"column":1},"end":{"line":70,"column":null}},{"start":{},"end":{}}]}},"s":{"0":0,"1":0,"2":0,"3":0,"4":0,"5":0,"6":0,"7":0,"8":0,"9":0,"10":0,"11":0,"12":0,"13":0,"14":0,"15":0,"16":0,"17":0,"18":0,"19":0,"20":0,"21":0,"22":0,"23":0,"24":0,"25":0,"26":0,"27":0,"28":0,"29":0,"30":0,"31":0,"32":0,"33":0,"34":0,"35":0,"36":0,"37":0,"38":0,"39":0,"40":0,"41":0,"42":0},"f":{"0":0,"1":0,"2":0,"3":0,"4":0},"b":{"0":[0,0],"1":[0,0],"2":[0,0],"3":[0,0],"4":[0,0],"5":[0,0],"6":[0,0]}}
,"/Users/kashyap/Documents/Work/interview/react-microfrontend-demo/react-microfrontend-demo/remote/src/context/MusicContext.tsx": {"path":"/Users/kashyap/Documents/Work/interview/react-microfrontend-demo/react-microfrontend-demo/remote/src/context/MusicContext.tsx","statementMap":{"0":{"start":{"line":5,"column":28},"end":{"line":5,"column":null}},"1":{"start":{"line":7,"column":29},"end":{"line":41,"column":null}},"2":{"start":{"line":8,"column":29},"end":{"line":8,"column":null}},"3":{"start":{"line":10,"column":18},"end":{"line":10,"column":null}},"4":{"start":{"line":10,"column":39},"end":{"line":10,"column":null}},"5":{"start":{"line":10,"column":65},"end":{"line":10,"column":90}},"6":{"start":{"line":12,"column":17},"end":{"line":24,"column":null}},"7":{"start":{"line":13,"column":2},"end":{"line":23,"column":null}},"8":{"start":{"line":15,"column":4},"end":{"line":20,"column":null}},"9":{"start":{"line":16,"column":5},"end":{"line":19,"column":null}},"10":{"start":{"line":21,"column":4},"end":{"line":21,"column":null}},"11":{"start":{"line":26,"column":20},"end":{"line":38,"column":null}},"12":{"start":{"line":27,"column":2},"end":{"line":37,"column":null}},"13":{"start":{"line":29,"column":4},"end":{"line":34,"column":null}},"14":{"start":{"line":30,"column":5},"end":{"line":33,"column":null}},"15":{"start":{"line":32,"column":45},"end":{"line":32,"column":64}},"16":{"start":{"line":35,"column":4},"end":{"line":35,"column":null}},"17":{"start":{"line":40,"column":1},"end":{"line":40,"column":null}},"18":{"start":{"line":43,"column":24},"end":{"line":47,"column":null}},"19":{"start":{"line":44,"column":17},"end":{"line":44,"column":null}},"20":{"start":{"line":45,"column":1},"end":{"line":45,"column":null}},"21":{"start":{"line":45,"column":15},"end":{"line":45,"column":null}},"22":{"start":{"line":46,"column":1},"end":{"line":46,"column":null}}},"fnMap":{"0":{"name":"(anonymous_0)","decl":{"start":{"line":7,"column":29},"end":{"line":7,"column":30}},"loc":{"start":{"line":7,"column":72},"end":{"line":41,"column":null}}},"1":{"name":"(anonymous_1)","decl":{"start":{"line":10,"column":18},"end":{"line":10,"column":19}},"loc":{"start":{"line":10,"column":39},"end":{"line":10,"column":null}}},"2":{"name":"(anonymous_2)","decl":{"start":{"line":10,"column":49},"end":{"line":10,"column":50}},"loc":{"start":{"line":10,"column":65},"end":{"line":10,"column":90}}},"3":{"name":"(anonymous_3)","decl":{"start":{"line":12,"column":17},"end":{"line":12,"column":18}},"loc":{"start":{"line":12,"column":55},"end":{"line":24,"column":null}}},"4":{"name":"(anonymous_4)","decl":{"start":{"line":14,"column":14},"end":{"line":14,"column":15}},"loc":{"start":{"line":14,"column":25},"end":{"line":22,"column":4}}},"5":{"name":"(anonymous_5)","decl":{"start":{"line":26,"column":20},"end":{"line":26,"column":21}},"loc":{"start":{"line":26,"column":57},"end":{"line":38,"column":null}}},"6":{"name":"(anonymous_6)","decl":{"start":{"line":28,"column":14},"end":{"line":28,"column":15}},"loc":{"start":{"line":28,"column":25},"end":{"line":36,"column":4}}},"7":{"name":"(anonymous_7)","decl":{"start":{"line":32,"column":34},"end":{"line":32,"column":35}},"loc":{"start":{"line":32,"column":45},"end":{"line":32,"column":64}}},"8":{"name":"(anonymous_8)","decl":{"start":{"line":43,"column":24},"end":{"line":43,"column":30}},"loc":{"start":{"line":43,"column":30},"end":{"line":47,"column":null}}}},"branchMap":{"0":{"loc":{"start":{"line":15,"column":4},"end":{"line":20,"column":null}},"type":"if","locations":[{"start":{"line":15,"column":4},"end":{"line":20,"column":null}},{"start":{},"end":{}}]},"1":{"loc":{"start":{"line":29,"column":4},"end":{"line":34,"column":null}},"type":"if","locations":[{"start":{"line":29,"column":4},"end":{"line":34,"column":null}},{"start":{},"end":{}}]},"2":{"loc":{"start":{"line":45,"column":1},"end":{"line":45,"column":null}},"type":"if","locations":[{"start":{"line":45,"column":1},"end":{"line":45,"column":null}},{"start":{},"end":{}}]}},"s":{"0":0,"1":0,"2":0,"3":0,"4":0,"5":0,"6":0,"7":0,"8":0,"9":0,"10":0,"11":0,"12":0,"13":0,"14":0,"15":0,"16":0,"17":0,"18":0,"19":0,"20":0,"21":0,"22":0},"f":{"0":0,"1":0,"2":0,"3":0,"4":0,"5":0,"6":0,"7":0,"8":0},"b":{"0":[0,0],"1":[0,0],"2":[0,0]}}
,"/Users/kashyap/Documents/Work/interview/react-microfrontend-demo/react-microfrontend-demo/remote/src/context/MusicPlayerContext.tsx": {"path":"/Users/kashyap/Documents/Work/interview/react-microfrontend-demo/react-microfrontend-demo/remote/src/context/MusicPlayerContext.tsx","statementMap":{"0":{"start":{"line":9,"column":27},"end":{"line":9,"column":null}},"1":{"start":{"line":11,"column":35},"end":{"line":23,"column":null}},"2":{"start":{"line":12,"column":41},"end":{"line":12,"column":null}},"3":{"start":{"line":14,"column":19},"end":{"line":16,"column":null}},"4":{"start":{"line":15,"column":2},"end":{"line":15,"column":null}},"5":{"start":{"line":18,"column":19},"end":{"line":20,"column":null}},"6":{"start":{"line":19,"column":2},"end":{"line":19,"column":null}},"7":{"start":{"line":22,"column":1},"end":{"line":22,"column":null}},"8":{"start":{"line":25,"column":30},"end":{"line":31,"column":null}},"9":{"start":{"line":26,"column":17},"end":{"line":26,"column":null}},"10":{"start":{"line":27,"column":1},"end":{"line":29,"column":null}},"11":{"start":{"line":28,"column":2},"end":{"line":28,"column":null}},"12":{"start":{"line":30,"column":1},"end":{"line":30,"column":null}}},"fnMap":{"0":{"name":"(anonymous_0)","decl":{"start":{"line":11,"column":35},"end":{"line":11,"column":36}},"loc":{"start":{"line":11,"column":78},"end":{"line":23,"column":null}}},"1":{"name":"(anonymous_1)","decl":{"start":{"line":14,"column":19},"end":{"line":14,"column":20}},"loc":{"start":{"line":14,"column":36},"end":{"line":16,"column":null}}},"2":{"name":"(anonymous_2)","decl":{"start":{"line":18,"column":19},"end":{"line":18,"column":25}},"loc":{"start":{"line":18,"column":25},"end":{"line":20,"column":null}}},"3":{"name":"(anonymous_3)","decl":{"start":{"line":25,"column":30},"end":{"line":25,"column":36}},"loc":{"start":{"line":25,"column":36},"end":{"line":31,"column":null}}}},"branchMap":{"0":{"loc":{"start":{"line":27,"column":1},"end":{"line":29,"column":null}},"type":"if","locations":[{"start":{"line":27,"column":1},"end":{"line":29,"column":null}},{"start":{},"end":{}}]}},"s":{"0":0,"1":0,"2":0,"3":0,"4":0,"5":0,"6":0,"7":0,"8":0,"9":0,"10":0,"11":0,"12":0},"f":{"0":0,"1":0,"2":0,"3":0},"b":{"0":[0,0]}}
,"/Users/kashyap/Documents/Work/interview/react-microfrontend-demo/react-microfrontend-demo/remote/src/lib/constants.ts": {"path":"/Users/kashyap/Documents/Work/interview/react-microfrontend-demo/react-microfrontend-demo/remote/src/lib/constants.ts","statementMap":{"0":{"start":{"line":1,"column":26},"end":{"line":1,"column":null}}},"fnMap":{},"branchMap":{},"s":{"0":0},"f":{},"b":{}}
,"/Users/kashyap/Documents/Work/interview/react-microfrontend-demo/react-microfrontend-demo/remote/src/lib/env.ts": {"path":"/Users/kashyap/Documents/Work/interview/react-microfrontend-demo/react-microfrontend-demo/remote/src/lib/env.ts","statementMap":{"0":{"start":{"line":1,"column":22},"end":{"line":1,"column":null}},"1":{"start":{"line":1,"column":28},"end":{"line":1,"column":null}},"2":{"start":{"line":3,"column":23},"end":{"line":3,"column":null}}},"fnMap":{"0":{"name":"(anonymous_0)","decl":{"start":{"line":1,"column":22},"end":{"line":1,"column":28}},"loc":{"start":{"line":1,"column":28},"end":{"line":1,"column":null}}}},"branchMap":{},"s":{"0":0,"1":0,"2":0},"f":{"0":0},"b":{}}
,"/Users/kashyap/Documents/Work/interview/react-microfrontend-demo/react-microfrontend-demo/remote/src/lib/utils.ts": {"path":"/Users/kashyap/Documents/Work/interview/react-microfrontend-demo/react-microfrontend-demo/remote/src/lib/utils.ts","statementMap":{"0":{"start":{"line":5,"column":1},"end":{"line":5,"column":null}}},"fnMap":{"0":{"name":"cn","decl":{"start":{"line":4,"column":16},"end":{"line":4,"column":22}},"loc":{"start":{"line":4,"column":44},"end":{"line":6,"column":null}}}},"branchMap":{},"s":{"0":0},"f":{"0":0},"b":{}}
,"/Users/kashyap/Documents/Work/interview/react-microfrontend-demo/react-microfrontend-demo/remote/src/pages/Login.tsx": {"path":"/Users/kashyap/Documents/Work/interview/react-microfrontend-demo/react-microfrontend-demo/remote/src/pages/Login.tsx","statementMap":{"0":{"start":{"line":6,"column":14},"end":{"line":95,"column":null}},"1":{"start":{"line":7,"column":33},"end":{"line":7,"column":null}},"2":{"start":{"line":8,"column":29},"end":{"line":8,"column":null}},"3":{"start":{"line":9,"column":36},"end":{"line":9,"column":null}},"4":{"start":{"line":10,"column":18},"end":{"line":10,"column":null}},"5":{"start":{"line":12,"column":1},"end":{"line":16,"column":null}},"6":{"start":{"line":13,"column":2},"end":{"line":15,"column":null}},"7":{"start":{"line":14,"column":3},"end":{"line":14,"column":null}},"8":{"start":{"line":18,"column":18},"end":{"line":34,"column":null}},"9":{"start":{"line":19,"column":20},"end":{"line":19,"column":null}},"10":{"start":{"line":20,"column":14},"end":{"line":20,"column":null}},"11":{"start":{"line":22,"column":2},"end":{"line":25,"column":null}},"12":{"start":{"line":23,"column":3},"end":{"line":23,"column":null}},"13":{"start":{"line":24,"column":3},"end":{"line":24,"column":null}},"14":{"start":{"line":27,"column":2},"end":{"line":30,"column":null}},"15":{"start":{"line":28,"column":3},"end":{"line":28,"column":null}},"16":{"start":{"line":29,"column":3},"end":{"line":29,"column":null}},"17":{"start":{"line":32,"column":2},"end":{"line":32,"column":null}},"18":{"start":{"line":33,"column":2},"end":{"line":33,"column":null}},"19":{"start":{"line":36,"column":22},"end":{"line":39,"column":null}},"20":{"start":{"line":37,"column":2},"end":{"line":37,"column":null}},"21":{"start":{"line":37,"column":25},"end":{"line":37,"column":70}},"22":{"start":{"line":38,"column":2},"end":{"line":38,"column":null}},"23":{"start":{"line":38,"column":23},"end":{"line":38,"column":56}},"24":{"start":{"line":41,"column":22},"end":{"line":57,"column":null}},"25":{"start":{"line":42,"column":2},"end":{"line":42,"column":null}},"26":{"start":{"line":43,"column":2},"end":{"line":49,"column":null}},"27":{"start":{"line":44,"column":3},"end":{"line":47,"column":null}},"28":{"start":{"line":44,"column":22},"end":{"line":47,"column":5}},"29":{"start":{"line":48,"column":3},"end":{"line":48,"column":null}},"30":{"start":{"line":51,"column":2},"end":{"line":56,"column":null}},"31":{"start":{"line":52,"column":3},"end":{"line":55,"column":null}},"32":{"start":{"line":52,"column":22},"end":{"line":55,"column":5}},"33":{"start":{"line":58,"column":2},"end":{"line":58,"column":null}},"34":{"start":{"line":59,"column":1},"end":{"line":93,"column":null}}},"fnMap":{"0":{"name":"(anonymous_0)","decl":{"start":{"line":6,"column":14},"end":{"line":6,"column":20}},"loc":{"start":{"line":6,"column":20},"end":{"line":95,"column":null}}},"1":{"name":"(anonymous_1)","decl":{"start":{"line":12,"column":11},"end":{"line":12,"column":17}},"loc":{"start":{"line":12,"column":17},"end":{"line":16,"column":4}}},"2":{"name":"(anonymous_2)","decl":{"start":{"line":18,"column":18},"end":{"line":18,"column":24}},"loc":{"start":{"line":18,"column":24},"end":{"line":34,"column":null}}},"3":{"name":"(anonymous_3)","decl":{"start":{"line":36,"column":22},"end":{"line":36,"column":23}},"loc":{"start":{"line":36,"column":66},"end":{"line":39,"column":null}}},"4":{"name":"(anonymous_4)","decl":{"start":{"line":37,"column":14},"end":{"line":37,"column":15}},"loc":{"start":{"line":37,"column":25},"end":{"line":37,"column":70}}},"5":{"name":"(anonymous_5)","decl":{"start":{"line":38,"column":12},"end":{"line":38,"column":13}},"loc":{"start":{"line":38,"column":23},"end":{"line":38,"column":56}}},"6":{"name":"(anonymous_6)","decl":{"start":{"line":41,"column":22},"end":{"line":41,"column":23}},"loc":{"start":{"line":41,"column":46},"end":{"line":57,"column":null}}},"7":{"name":"(anonymous_7)","decl":{"start":{"line":44,"column":13},"end":{"line":44,"column":22}},"loc":{"start":{"line":44,"column":22},"end":{"line":47,"column":5}}},"8":{"name":"(anonymous_8)","decl":{"start":{"line":52,"column":13},"end":{"line":52,"column":22}},"loc":{"start":{"line":52,"column":22},"end":{"line":55,"column":5}}}},"branchMap":{"0":{"loc":{"start":{"line":13,"column":2},"end":{"line":15,"column":null}},"type":"if","locations":[{"start":{"line":13,"column":2},"end":{"line":15,"column":null}},{"start":{},"end":{}}]},"1":{"loc":{"start":{"line":22,"column":2},"end":{"line":25,"column":null}},"type":"if","locations":[{"start":{"line":22,"column":2},"end":{"line":25,"column":null}},{"start":{},"end":{}}]},"2":{"loc":{"start":{"line":27,"column":2},"end":{"line":30,"column":null}},"type":"if","locations":[{"start":{"line":27,"column":2},"end":{"line":30,"column":null}},{"start":{},"end":{}}]},"3":{"loc":{"start":{"line":43,"column":2},"end":{"line":49,"column":null}},"type":"if","locations":[{"start":{"line":43,"column":2},"end":{"line":49,"column":null}},{"start":{},"end":{}}]},"4":{"loc":{"start":{"line":51,"column":2},"end":{"line":56,"column":null}},"type":"if","locations":[{"start":{"line":51,"column":2},"end":{"line":56,"column":null}},{"start":{},"end":{}}]},"5":{"loc":{"start":{"line":67,"column":6},"end":{"line":70,"column":null}},"type":"binary-expr","locations":[{"start":{"line":67,"column":6},"end":{"line":67,"column":null}},{"start":{"line":68,"column":6},"end":{"line":70,"column":null}}]}},"s":{"0":0,"1":0,"2":0,"3":0,"4":0,"5":0,"6":0,"7":0,"8":0,"9":0,"10":0,"11":0,"12":0,"13":0,"14":0,"15":0,"16":0,"17":0,"18":0,"19":0,"20":0,"21":0,"22":0,"23":0,"24":0,"25":0,"26":0,"27":0,"28":0,"29":0,"30":0,"31":0,"32":0,"33":0,"34":0},"f":{"0":0,"1":0,"2":0,"3":0,"4":0,"5":0,"6":0,"7":0,"8":0},"b":{"0":[0,0],"1":[0,0],"2":[0,0],"3":[0,0],"4":[0,0],"5":[0,0]}}
,"/Users/kashyap/Documents/Work/interview/react-microfrontend-demo/react-microfrontend-demo/remote/src/pages/MusicLibrary/MusicLibrary.tsx": {"path":"/Users/kashyap/Documents/Work/interview/react-microfrontend-demo/react-microfrontend-demo/remote/src/pages/MusicLibrary/MusicLibrary.tsx","statementMap":{"0":{"start":{"line":9,"column":21},"end":{"line":50,"column":null}},"1":{"start":{"line":10,"column":24},"end":{"line":10,"column":null}},"2":{"start":{"line":12,"column":37},"end":{"line":12,"column":null}},"3":{"start":{"line":13,"column":29},"end":{"line":13,"column":null}},"4":{"start":{"line":14,"column":31},"end":{"line":14,"column":null}},"5":{"start":{"line":16,"column":23},"end":{"line":16,"column":null}},"6":{"start":{"line":18,"column":17},"end":{"line":18,"column":null}},"7":{"start":{"line":20,"column":1},"end":{"line":48,"column":null}},"8":{"start":{"line":37,"column":6},"end":{"line":44,"column":null}},"9":{"start":{"line":41,"column":9},"end":{"line":41,"column":null}}},"fnMap":{"0":{"name":"(anonymous_0)","decl":{"start":{"line":9,"column":21},"end":{"line":9,"column":27}},"loc":{"start":{"line":9,"column":27},"end":{"line":50,"column":null}}},"1":{"name":"(anonymous_1)","decl":{"start":{"line":36,"column":39},"end":{"line":36,"column":40}},"loc":{"start":{"line":37,"column":6},"end":{"line":44,"column":null}}},"2":{"name":"(anonymous_2)","decl":{"start":{"line":40,"column":20},"end":{"line":40,"column":21}},"loc":{"start":{"line":41,"column":9},"end":{"line":41,"column":null}}}},"branchMap":{"0":{"loc":{"start":{"line":33,"column":5},"end":{"line":45,"column":null}},"type":"cond-expr","locations":[{"start":{"line":34,"column":5},"end":{"line":34,"column":null}},{"start":{"line":36,"column":5},"end":{"line":45,"column":null}}]},"1":{"loc":{"start":{"line":38,"column":8},"end":{"line":38,"column":null}},"type":"binary-expr","locations":[{"start":{"line":38,"column":8},"end":{"line":38,"column":34}},{"start":{"line":38,"column":34},"end":{"line":38,"column":null}}]}},"s":{"0":0,"1":0,"2":0,"3":0,"4":0,"5":0,"6":0,"7":0,"8":0,"9":0},"f":{"0":0,"1":0,"2":0},"b":{"0":[0,0],"1":[0,0]}}
,"/Users/kashyap/Documents/Work/interview/react-microfrontend-demo/react-microfrontend-demo/remote/src/pages/MusicLibrary/useFilteredSongs.ts": {"path":"/Users/kashyap/Documents/Work/interview/react-microfrontend-demo/react-microfrontend-demo/remote/src/pages/MusicLibrary/useFilteredSongs.ts","statementMap":{"0":{"start":{"line":7,"column":32},"end":{"line":51,"column":null}},"1":{"start":{"line":8,"column":20},"end":{"line":8,"column":null}},"2":{"start":{"line":10,"column":16},"end":{"line":20,"column":null}},"3":{"start":{"line":11,"column":2},"end":{"line":11,"column":null}},"4":{"start":{"line":11,"column":23},"end":{"line":11,"column":null}},"5":{"start":{"line":12,"column":2},"end":{"line":19,"column":null}},"6":{"start":{"line":13,"column":3},"end":{"line":18,"column":null}},"7":{"start":{"line":13,"column":32},"end":{"line":18,"column":5}},"8":{"start":{"line":22,"column":24},"end":{"line":31,"column":null}},"9":{"start":{"line":23,"column":2},"end":{"line":23,"column":null}},"10":{"start":{"line":23,"column":15},"end":{"line":23,"column":null}},"11":{"start":{"line":24,"column":22},"end":{"line":24,"column":null}},"12":{"start":{"line":25,"column":2},"end":{"line":30,"column":null}},"13":{"start":{"line":27,"column":4},"end":{"line":29,"column":null}},"14":{"start":{"line":33,"column":22},"end":{"line":38,"column":null}},"15":{"start":{"line":34,"column":2},"end":{"line":34,"column":null}},"16":{"start":{"line":34,"column":15},"end":{"line":34,"column":null}},"17":{"start":{"line":35,"column":2},"end":{"line":37,"column":null}},"18":{"start":{"line":36,"column":3},"end":{"line":36,"column":null}},"19":{"start":{"line":40,"column":23},"end":{"line":48,"column":null}},"20":{"start":{"line":41,"column":2},"end":{"line":41,"column":null}},"21":{"start":{"line":41,"column":16},"end":{"line":41,"column":null}},"22":{"start":{"line":42,"column":2},"end":{"line":47,"column":null}},"23":{"start":{"line":43,"column":20},"end":{"line":43,"column":null}},"24":{"start":{"line":44,"column":3},"end":{"line":44,"column":null}},"25":{"start":{"line":44,"column":26},"end":{"line":44,"column":null}},"26":{"start":{"line":45,"column":3},"end":{"line":45,"column":null}},"27":{"start":{"line":46,"column":3},"end":{"line":46,"column":null}},"28":{"start":{"line":50,"column":1},"end":{"line":50,"column":null}}},"fnMap":{"0":{"name":"(anonymous_0)","decl":{"start":{"line":7,"column":32},"end":{"line":7,"column":33}},"loc":{"start":{"line":7,"column":114},"end":{"line":51,"column":null}}},"1":{"name":"(anonymous_1)","decl":{"start":{"line":10,"column":24},"end":{"line":10,"column":30}},"loc":{"start":{"line":10,"column":30},"end":{"line":20,"column":4}}},"2":{"name":"(anonymous_2)","decl":{"start":{"line":12,"column":24},"end":{"line":12,"column":25}},"loc":{"start":{"line":13,"column":3},"end":{"line":18,"column":null}}},"3":{"name":"(anonymous_3)","decl":{"start":{"line":13,"column":20},"end":{"line":13,"column":21}},"loc":{"start":{"line":13,"column":32},"end":{"line":18,"column":5}}},"4":{"name":"(anonymous_4)","decl":{"start":{"line":22,"column":32},"end":{"line":22,"column":38}},"loc":{"start":{"line":22,"column":38},"end":{"line":31,"column":4}}},"5":{"name":"(anonymous_5)","decl":{"start":{"line":26,"column":3},"end":{"line":26,"column":4}},"loc":{"start":{"line":27,"column":4},"end":{"line":29,"column":null}}},"6":{"name":"(anonymous_6)","decl":{"start":{"line":33,"column":30},"end":{"line":33,"column":36}},"loc":{"start":{"line":33,"column":36},"end":{"line":38,"column":4}}},"7":{"name":"(anonymous_7)","decl":{"start":{"line":35,"column":34},"end":{"line":35,"column":35}},"loc":{"start":{"line":36,"column":3},"end":{"line":36,"column":null}}},"8":{"name":"(anonymous_8)","decl":{"start":{"line":40,"column":31},"end":{"line":40,"column":37}},"loc":{"start":{"line":40,"column":37},"end":{"line":48,"column":4}}},"9":{"name":"(anonymous_9)","decl":{"start":{"line":42,"column":29},"end":{"line":42,"column":30}},"loc":{"start":{"line":42,"column":62},"end":{"line":47,"column":5}}}},"branchMap":{"0":{"loc":{"start":{"line":11,"column":2},"end":{"line":11,"column":null}},"type":"if","locations":[{"start":{"line":11,"column":2},"end":{"line":11,"column":null}},{"start":{},"end":{}}]},"1":{"loc":{"start":{"line":23,"column":2},"end":{"line":23,"column":null}},"type":"if","locations":[{"start":{"line":23,"column":2},"end":{"line":23,"column":null}},{"start":{},"end":{}}]},"2":{"loc":{"start":{"line":27,"column":4},"end":{"line":29,"column":null}},"type":"binary-expr","locations":[{"start":{"line":27,"column":4},"end":{"line":27,"column":null}},{"start":{"line":28,"column":4},"end":{"line":28,"column":null}},{"start":{"line":29,"column":4},"end":{"line":29,"column":null}}]},"3":{"loc":{"start":{"line":34,"column":2},"end":{"line":34,"column":null}},"type":"if","locations":[{"start":{"line":34,"column":2},"end":{"line":34,"column":null}},{"start":{},"end":{}}]},"4":{"loc":{"start":{"line":36,"column":10},"end":{"line":36,"column":25}},"type":"binary-expr","locations":[{"start":{"line":36,"column":10},"end":{"line":36,"column":23}},{"start":{"line":36,"column":23},"end":{"line":36,"column":25}}]},"5":{"loc":{"start":{"line":36,"column":48},"end":{"line":36,"column":63}},"type":"binary-expr","locations":[{"start":{"line":36,"column":48},"end":{"line":36,"column":61}},{"start":{"line":36,"column":61},"end":{"line":36,"column":63}}]},"6":{"loc":{"start":{"line":41,"column":2},"end":{"line":41,"column":null}},"type":"if","locations":[{"start":{"line":41,"column":2},"end":{"line":41,"column":null}},{"start":{},"end":{}}]},"7":{"loc":{"start":{"line":43,"column":27},"end":{"line":43,"column":54}},"type":"binary-expr","locations":[{"start":{"line":43,"column":27},"end":{"line":43,"column":45}},{"start":{"line":43,"column":45},"end":{"line":43,"column":54}}]},"8":{"loc":{"start":{"line":44,"column":3},"end":{"line":44,"column":null}},"type":"if","locations":[{"start":{"line":44,"column":3},"end":{"line":44,"column":null}},{"start":{},"end":{}}]}},"s":{"0":0,"1":0,"2":0,"3":0,"4":0,"5":0,"6":0,"7":0,"8":0,"9":0,"10":0,"11":0,"12":0,"13":0,"14":0,"15":0,"16":0,"17":0,"18":0,"19":0,"20":0,"21":0,"22":0,"23":0,"24":0,"25":0,"26":0,"27":0,"28":0},"f":{"0":0,"1":0,"2":0,"3":0,"4":0,"5":0,"6":0,"7":0,"8":0,"9":0},"b":{"0":[0,0],"1":[0,0],"2":[0,0,0],"3":[0,0],"4":[0,0],"5":[0,0],"6":[0,0],"7":[0,0],"8":[0,0]}}
,"/Users/kashyap/Documents/Work/interview/react-microfrontend-demo/react-microfrontend-demo/remote/src/pages/MusicLibrary/components/AddTrackForm.tsx": {"path":"/Users/kashyap/Documents/Work/interview/react-microfrontend-demo/react-microfrontend-demo/remote/src/pages/MusicLibrary/components/AddTrackForm.tsx","statementMap":{"0":{"start":{"line":21,"column":56},"end":{"line":239,"column":null}},"1":{"start":{"line":22,"column":39},"end":{"line":22,"column":null}},"2":{"start":{"line":24,"column":35},"end":{"line":34,"column":null}},"3":{"start":{"line":36,"column":29},"end":{"line":36,"column":null}},"4":{"start":{"line":38,"column":22},"end":{"line":75,"column":null}},"5":{"start":{"line":39,"column":44},"end":{"line":39,"column":null}},"6":{"start":{"line":42,"column":2},"end":{"line":44,"column":null}},"7":{"start":{"line":43,"column":3},"end":{"line":43,"column":null}},"8":{"start":{"line":46,"column":2},"end":{"line":48,"column":null}},"9":{"start":{"line":47,"column":3},"end":{"line":47,"column":null}},"10":{"start":{"line":51,"column":2},"end":{"line":71,"column":null}},"11":{"start":{"line":52,"column":3},"end":{"line":54,"column":null}},"12":{"start":{"line":53,"column":4},"end":{"line":53,"column":null}},"13":{"start":{"line":56,"column":3},"end":{"line":58,"column":null}},"14":{"start":{"line":57,"column":4},"end":{"line":57,"column":null}},"15":{"start":{"line":60,"column":3},"end":{"line":62,"column":null}},"16":{"start":{"line":61,"column":4},"end":{"line":61,"column":null}},"17":{"start":{"line":64,"column":3},"end":{"line":66,"column":null}},"18":{"start":{"line":65,"column":4},"end":{"line":65,"column":null}},"19":{"start":{"line":68,"column":3},"end":{"line":70,"column":null}},"20":{"start":{"line":69,"column":4},"end":{"line":69,"column":null}},"21":{"start":{"line":73,"column":2},"end":{"line":73,"column":null}},"22":{"start":{"line":74,"column":2},"end":{"line":74,"column":null}},"23":{"start":{"line":77,"column":20},"end":{"line":84,"column":null}},"24":{"start":{"line":78,"column":2},"end":{"line":83,"column":null}},"25":{"start":{"line":79,"column":3},"end":{"line":79,"column":null}},"26":{"start":{"line":80,"column":3},"end":{"line":80,"column":null}},"27":{"start":{"line":82,"column":3},"end":{"line":82,"column":null}},"28":{"start":{"line":86,"column":27},"end":{"line":97,"column":null}},"29":{"start":{"line":87,"column":26},"end":{"line":87,"column":null}},"30":{"start":{"line":88,"column":2},"end":{"line":91,"column":null}},"31":{"start":{"line":88,"column":31},"end":{"line":91,"column":4}},"32":{"start":{"line":94,"column":2},"end":{"line":96,"column":null}},"33":{"start":{"line":95,"column":3},"end":{"line":95,"column":null}},"34":{"start":{"line":95,"column":30},"end":{"line":95,"column":60}},"35":{"start":{"line":99,"column":27},"end":{"line":109,"column":null}},"36":{"start":{"line":100,"column":16},"end":{"line":100,"column":null}},"37":{"start":{"line":101,"column":2},"end":{"line":105,"column":null}},"38":{"start":{"line":101,"column":31},"end":{"line":105,"column":4}},"39":{"start":{"line":106,"column":2},"end":{"line":108,"column":null}},"40":{"start":{"line":107,"column":3},"end":{"line":107,"column":null}},"41":{"start":{"line":107,"column":30},"end":{"line":107,"column":69}},"42":{"start":{"line":111,"column":22},"end":{"line":155,"column":null}},"43":{"start":{"line":112,"column":2},"end":{"line":112,"column":null}},"44":{"start":{"line":114,"column":2},"end":{"line":116,"column":null}},"45":{"start":{"line":115,"column":3},"end":{"line":115,"column":null}},"46":{"start":{"line":118,"column":16},"end":{"line":118,"column":null}},"47":{"start":{"line":122,"column":2},"end":{"line":141,"column":null}},"48":{"start":{"line":123,"column":27},"end":{"line":131,"column":null}},"49":{"start":{"line":132,"column":3},"end":{"line":132,"column":null}},"50":{"start":{"line":133,"column":3},"end":{"line":133,"column":null}},"51":{"start":{"line":134,"column":3},"end":{"line":134,"column":null}},"52":{"start":{"line":135,"column":3},"end":{"line":135,"column":null}},"53":{"start":{"line":136,"column":3},"end":{"line":136,"column":null}},"54":{"start":{"line":138,"column":25},"end":{"line":138,"column":null}},"55":{"start":{"line":138,"column":46},"end":{"line":138,"column":66}},"56":{"start":{"line":139,"column":3},"end":{"line":139,"column":null}},"57":{"start":{"line":140,"column":3},"end":{"line":140,"column":null}},"58":{"start":{"line":143,"column":26},"end":{"line":150,"column":null}},"59":{"start":{"line":152,"column":2},"end":{"line":152,"column":null}},"60":{"start":{"line":153,"column":2},"end":{"line":153,"column":null}},"61":{"start":{"line":154,"column":2},"end":{"line":154,"column":null}},"62":{"start":{"line":157,"column":1},"end":{"line":237,"column":null}},"63":{"start":{"line":180,"column":7},"end":{"line":182,"column":null}}},"fnMap":{"0":{"name":"(anonymous_0)","decl":{"start":{"line":21,"column":56},"end":{"line":21,"column":57}},"loc":{"start":{"line":21,"column":73},"end":{"line":239,"column":null}}},"1":{"name":"(anonymous_1)","decl":{"start":{"line":38,"column":22},"end":{"line":38,"column":28}},"loc":{"start":{"line":38,"column":28},"end":{"line":75,"column":null}}},"2":{"name":"(anonymous_2)","decl":{"start":{"line":77,"column":20},"end":{"line":77,"column":21}},"loc":{"start":{"line":77,"column":37},"end":{"line":84,"column":null}}},"3":{"name":"(anonymous_3)","decl":{"start":{"line":86,"column":27},"end":{"line":86,"column":28}},"loc":{"start":{"line":86,"column":91},"end":{"line":97,"column":null}}},"4":{"name":"(anonymous_4)","decl":{"start":{"line":88,"column":15},"end":{"line":88,"column":16}},"loc":{"start":{"line":88,"column":31},"end":{"line":91,"column":4}}},"5":{"name":"(anonymous_5)","decl":{"start":{"line":95,"column":13},"end":{"line":95,"column":14}},"loc":{"start":{"line":95,"column":30},"end":{"line":95,"column":60}}},"6":{"name":"(anonymous_6)","decl":{"start":{"line":99,"column":27},"end":{"line":99,"column":28}},"loc":{"start":{"line":99,"column":72},"end":{"line":109,"column":null}}},"7":{"name":"(anonymous_7)","decl":{"start":{"line":101,"column":15},"end":{"line":101,"column":16}},"loc":{"start":{"line":101,"column":31},"end":{"line":105,"column":4}}},"8":{"name":"(anonymous_8)","decl":{"start":{"line":107,"column":13},"end":{"line":107,"column":14}},"loc":{"start":{"line":107,"column":30},"end":{"line":107,"column":69}}},"9":{"name":"(anonymous_9)","decl":{"start":{"line":111,"column":22},"end":{"line":111,"column":23}},"loc":{"start":{"line":111,"column":46},"end":{"line":155,"column":null}}},"10":{"name":"(anonymous_10)","decl":{"start":{"line":138,"column":37},"end":{"line":138,"column":46}},"loc":{"start":{"line":138,"column":46},"end":{"line":138,"column":66}}},"11":{"name":"(anonymous_11)","decl":{"start":{"line":179,"column":18},"end":{"line":179,"column":19}},"loc":{"start":{"line":180,"column":7},"end":{"line":182,"column":null}}}},"branchMap":{"0":{"loc":{"start":{"line":42,"column":2},"end":{"line":44,"column":null}},"type":"if","locations":[{"start":{"line":42,"column":2},"end":{"line":44,"column":null}},{"start":{},"end":{}}]},"1":{"loc":{"start":{"line":46,"column":2},"end":{"line":48,"column":null}},"type":"if","locations":[{"start":{"line":46,"column":2},"end":{"line":48,"column":null}},{"start":{},"end":{}}]},"2":{"loc":{"start":{"line":51,"column":2},"end":{"line":71,"column":null}},"type":"if","locations":[{"start":{"line":51,"column":2},"end":{"line":71,"column":null}},{"start":{},"end":{}}]},"3":{"loc":{"start":{"line":52,"column":3},"end":{"line":54,"column":null}},"type":"if","locations":[{"start":{"line":52,"column":3},"end":{"line":54,"column":null}},{"start":{},"end":{}}]},"4":{"loc":{"start":{"line":56,"column":3},"end":{"line":58,"column":null}},"type":"if","locations":[{"start":{"line":56,"column":3},"end":{"line":58,"column":null}},{"start":{},"end":{}}]},"5":{"loc":{"start":{"line":60,"column":3},"end":{"line":62,"column":null}},"type":"if","locations":[{"start":{"line":60,"column":3},"end":{"line":62,"column":null}},{"start":{},"end":{}}]},"6":{"loc":{"start":{"line":64,"column":3},"end":{"line":66,"column":null}},"type":"if","locations":[{"start":{"line":64,"column":3},"end":{"line":66,"column":null}},{"start":{},"end":{}}]},"7":{"loc":{"start":{"line":68,"column":3},"end":{"line":70,"column":null}},"type":"if","locations":[{"start":{"line":68,"column":3},"end":{"line":70,"column":null}},{"start":{},"end":{}}]},"8":{"loc":{"start":{"line":68,"column":7},"end":{"line":68,"column":78}},"type":"binary-expr","locations":[{"start":{"line":68,"column":7},"end":{"line":68,"column":37}},{"start":{"line":68,"column":37},"end":{"line":68,"column":78}}]},"9":{"loc":{"start":{"line":90,"column":11},"end":{"line":90,"column":null}},"type":"cond-expr","locations":[{"start":{"line":90,"column":38},"end":{"line":90,"column":62}},{"start":{"line":90,"column":62},"end":{"line":90,"column":null}}]},"10":{"loc":{"start":{"line":90,"column":38},"end":{"line":90,"column":62}},"type":"binary-expr","locations":[{"start":{"line":90,"column":38},"end":{"line":90,"column":57}},{"start":{"line":90,"column":57},"end":{"line":90,"column":62}}]},"11":{"loc":{"start":{"line":94,"column":2},"end":{"line":96,"column":null}},"type":"if","locations":[{"start":{"line":94,"column":2},"end":{"line":96,"column":null}},{"start":{},"end":{}}]},"12":{"loc":{"start":{"line":103,"column":20},"end":{"line":103,"column":null}},"type":"cond-expr","locations":[{"start":{"line":103,"column":38},"end":{"line":103,"column":46}},{"start":{"line":103,"column":46},"end":{"line":103,"column":null}}]},"13":{"loc":{"start":{"line":106,"column":2},"end":{"line":108,"column":null}},"type":"if","locations":[{"start":{"line":106,"column":2},"end":{"line":108,"column":null}},{"start":{},"end":{}}]},"14":{"loc":{"start":{"line":114,"column":2},"end":{"line":116,"column":null}},"type":"if","locations":[{"start":{"line":114,"column":2},"end":{"line":116,"column":null}},{"start":{},"end":{}}]},"15":{"loc":{"start":{"line":122,"column":2},"end":{"line":141,"column":null}},"type":"if","locations":[{"start":{"line":122,"column":2},"end":{"line":141,"column":null}},{"start":{"line":137,"column":9},"end":{"line":141,"column":null}}]},"16":{"loc":{"start":{"line":127,"column":17},"end":{"line":127,"column":null}},"type":"binary-expr","locations":[{"start":{"line":127,"column":17},"end":{"line":127,"column":50}},{"start":{"line":127,"column":27},"end":{"line":127,"column":null}}]},"17":{"loc":{"start":{"line":129,"column":14},"end":{"line":129,"column":null}},"type":"binary-expr","locations":[{"start":{"line":129,"column":14},"end":{"line":129,"column":44}},{"start":{"line":129,"column":44},"end":{"line":129,"column":null}}]},"18":{"loc":{"start":{"line":146,"column":13},"end":{"line":146,"column":null}},"type":"binary-expr","locations":[{"start":{"line":146,"column":13},"end":{"line":146,"column":40}},{"start":{"line":146,"column":40},"end":{"line":146,"column":null}}]},"19":{"loc":{"start":{"line":165,"column":12},"end":{"line":165,"column":null}},"type":"binary-expr","locations":[{"start":{"line":165,"column":12},"end":{"line":165,"column":39}},{"start":{"line":165,"column":39},"end":{"line":165,"column":null}}]},"20":{"loc":{"start":{"line":174,"column":13},"end":{"line":174,"column":null}},"type":"cond-expr","locations":[{"start":{"line":174,"column":36},"end":{"line":174,"column":44}},{"start":{"line":174,"column":44},"end":{"line":174,"column":null}}]},"21":{"loc":{"start":{"line":186,"column":6},"end":{"line":186,"column":null}},"type":"binary-expr","locations":[{"start":{"line":186,"column":6},"end":{"line":186,"column":32}},{"start":{"line":186,"column":32},"end":{"line":186,"column":null}}]},"22":{"loc":{"start":{"line":190,"column":4},"end":{"line":229,"column":null}},"type":"binary-expr","locations":[{"start":{"line":190,"column":4},"end":{"line":190,"column":null}},{"start":{"line":191,"column":4},"end":{"line":229,"column":null}}]}},"s":{"0":0,"1":0,"2":0,"3":0,"4":0,"5":0,"6":0,"7":0,"8":0,"9":0,"10":0,"11":0,"12":0,"13":0,"14":0,"15":0,"16":0,"17":0,"18":0,"19":0,"20":0,"21":0,"22":0,"23":0,"24":0,"25":0,"26":0,"27":0,"28":0,"29":0,"30":0,"31":0,"32":0,"33":0,"34":0,"35":0,"36":0,"37":0,"38":0,"39":0,"40":0,"41":0,"42":0,"43":0,"44":0,"45":0,"46":0,"47":0,"48":0,"49":0,"50":0,"51":0,"52":0,"53":0,"54":0,"55":0,"56":0,"57":0,"58":0,"59":0,"60":0,"61":0,"62":0,"63":0},"f":{"0":0,"1":0,"2":0,"3":0,"4":0,"5":0,"6":0,"7":0,"8":0,"9":0,"10":0,"11":0},"b":{"0":[0,0],"1":[0,0],"2":[0,0],"3":[0,0],"4":[0,0],"5":[0,0],"6":[0,0],"7":[0,0],"8":[0,0],"9":[0,0],"10":[0,0],"11":[0,0],"12":[0,0],"13":[0,0],"14":[0,0],"15":[0,0],"16":[0,0],"17":[0,0],"18":[0,0],"19":[0,0],"20":[0,0],"21":[0,0],"22":[0,0]}}
,"/Users/kashyap/Documents/Work/interview/react-microfrontend-demo/react-microfrontend-demo/remote/src/pages/MusicLibrary/components/EmptyState.tsx": {"path":"/Users/kashyap/Documents/Work/interview/react-microfrontend-demo/react-microfrontend-demo/remote/src/pages/MusicLibrary/components/EmptyState.tsx","statementMap":{"0":{"start":{"line":1,"column":26},"end":{"line":5,"column":null}},"1":{"start":{"line":2,"column":1},"end":{"line":5,"column":null}}},"fnMap":{"0":{"name":"(anonymous_0)","decl":{"start":{"line":1,"column":26},"end":{"line":1,"column":null}},"loc":{"start":{"line":2,"column":1},"end":{"line":5,"column":null}}}},"branchMap":{},"s":{"0":0,"1":0},"f":{"0":0},"b":{}}
,"/Users/kashyap/Documents/Work/interview/react-microfrontend-demo/react-microfrontend-demo/remote/src/pages/MusicLibrary/components/FilterControls.tsx": {"path":"/Users/kashyap/Documents/Work/interview/react-microfrontend-demo/react-microfrontend-demo/remote/src/pages/MusicLibrary/components/FilterControls.tsx","statementMap":{"0":{"start":{"line":19,"column":61},"end":{"line":72,"column":null}},"1":{"start":{"line":20,"column":18},"end":{"line":20,"column":null}},"2":{"start":{"line":21,"column":43},"end":{"line":21,"column":null}},"3":{"start":{"line":23,"column":28},"end":{"line":25,"column":null}},"4":{"start":{"line":24,"column":2},"end":{"line":24,"column":null}},"5":{"start":{"line":27,"column":1},"end":{"line":70,"column":null}},"6":{"start":{"line":36,"column":23},"end":{"line":36,"column":null}},"7":{"start":{"line":55,"column":95},"end":{"line":55,"column":null}},"8":{"start":{"line":63,"column":96},"end":{"line":63,"column":null}}},"fnMap":{"0":{"name":"(anonymous_0)","decl":{"start":{"line":19,"column":61},"end":{"line":19,"column":62}},"loc":{"start":{"line":19,"column":136},"end":{"line":72,"column":null}}},"1":{"name":"(anonymous_1)","decl":{"start":{"line":23,"column":28},"end":{"line":23,"column":34}},"loc":{"start":{"line":23,"column":34},"end":{"line":25,"column":null}}},"2":{"name":"(anonymous_2)","decl":{"start":{"line":36,"column":16},"end":{"line":36,"column":17}},"loc":{"start":{"line":36,"column":23},"end":{"line":36,"column":null}}},"3":{"name":"(anonymous_3)","decl":{"start":{"line":55,"column":88},"end":{"line":55,"column":89}},"loc":{"start":{"line":55,"column":95},"end":{"line":55,"column":null}}},"4":{"name":"(anonymous_4)","decl":{"start":{"line":63,"column":89},"end":{"line":63,"column":90}},"loc":{"start":{"line":63,"column":96},"end":{"line":63,"column":null}}}},"branchMap":{"0":{"loc":{"start":{"line":41,"column":5},"end":{"line":49,"column":null}},"type":"binary-expr","locations":[{"start":{"line":41,"column":5},"end":{"line":41,"column":null}},{"start":{"line":42,"column":5},"end":{"line":49,"column":null}}]}},"s":{"0":0,"1":0,"2":0,"3":0,"4":0,"5":0,"6":0,"7":0,"8":0},"f":{"0":0,"1":0,"2":0,"3":0,"4":0},"b":{"0":[0,0]}}
,"/Users/kashyap/Documents/Work/interview/react-microfrontend-demo/react-microfrontend-demo/remote/src/pages/MusicLibrary/components/LoadingSkeleton.tsx": {"path":"/Users/kashyap/Documents/Work/interview/react-microfrontend-demo/react-microfrontend-demo/remote/src/pages/MusicLibrary/components/LoadingSkeleton.tsx","statementMap":{"0":{"start":{"line":1,"column":31},"end":{"line":21,"column":null}},"1":{"start":{"line":2,"column":1},"end":{"line":19,"column":null}},"2":{"start":{"line":5,"column":4},"end":{"line":17,"column":null}},"3":{"start":{"line":9,"column":7},"end":{"line":14,"column":null}}},"fnMap":{"0":{"name":"(anonymous_0)","decl":{"start":{"line":1,"column":31},"end":{"line":1,"column":37}},"loc":{"start":{"line":1,"column":37},"end":{"line":21,"column":null}}},"1":{"name":"(anonymous_1)","decl":{"start":{"line":4,"column":34},"end":{"line":4,"column":35}},"loc":{"start":{"line":5,"column":4},"end":{"line":17,"column":null}}},"2":{"name":"(anonymous_2)","decl":{"start":{"line":8,"column":38},"end":{"line":8,"column":39}},"loc":{"start":{"line":9,"column":7},"end":{"line":14,"column":null}}}},"branchMap":{},"s":{"0":0,"1":0,"2":0,"3":0},"f":{"0":0,"1":0,"2":0},"b":{}}
,"/Users/kashyap/Documents/Work/interview/react-microfrontend-demo/react-microfrontend-demo/remote/src/pages/MusicLibrary/components/TrackCard.tsx": {"path":"/Users/kashyap/Documents/Work/interview/react-microfrontend-demo/react-microfrontend-demo/remote/src/pages/MusicLibrary/components/TrackCard.tsx","statementMap":{"0":{"start":{"line":12,"column":18},"end":{"line":57,"column":null}},"1":{"start":{"line":13,"column":18},"end":{"line":13,"column":null}},"2":{"start":{"line":14,"column":1},"end":{"line":55,"column":null}},"3":{"start":{"line":32,"column":20},"end":{"line":32,"column":null}},"4":{"start":{"line":46,"column":20},"end":{"line":46,"column":null}}},"fnMap":{"0":{"name":"(anonymous_0)","decl":{"start":{"line":12,"column":18},"end":{"line":12,"column":19}},"loc":{"start":{"line":12,"column":72},"end":{"line":57,"column":null}}},"1":{"name":"(anonymous_1)","decl":{"start":{"line":32,"column":14},"end":{"line":32,"column":20}},"loc":{"start":{"line":32,"column":20},"end":{"line":32,"column":null}}},"2":{"name":"(anonymous_2)","decl":{"start":{"line":46,"column":14},"end":{"line":46,"column":20}},"loc":{"start":{"line":46,"column":20},"end":{"line":46,"column":null}}}},"branchMap":{"0":{"loc":{"start":{"line":28,"column":14},"end":{"line":28,"column":null}},"type":"cond-expr","locations":[{"start":{"line":28,"column":28},"end":{"line":28,"column":38}},{"start":{"line":28,"column":38},"end":{"line":28,"column":null}}]},"1":{"loc":{"start":{"line":44,"column":4},"end":{"line":53,"column":null}},"type":"binary-expr","locations":[{"start":{"line":44,"column":4},"end":{"line":44,"column":null}},{"start":{"line":45,"column":4},"end":{"line":53,"column":null}}]}},"s":{"0":0,"1":0,"2":0,"3":0,"4":0},"f":{"0":0,"1":0,"2":0},"b":{"0":[0,0],"1":[0,0]}}
,"/Users/kashyap/Documents/Work/interview/react-microfrontend-demo/react-microfrontend-demo/remote/src/types/resources.ts": {"path":"/Users/kashyap/Documents/Work/interview/react-microfrontend-demo/react-microfrontend-demo/remote/src/types/resources.ts","statementMap":{"0":{"start":{"line":4,"column":18},"end":{"line":7,"column":null}}},"fnMap":{},"branchMap":{},"s":{"0":0},"f":{},"b":{}}
,"/Users/kashyap/Documents/Work/interview/react-microfrontend-demo/react-microfrontend-demo/remote/src/utils/jwtUtils.ts": {"path":"/Users/kashyap/Documents/Work/interview/react-microfrontend-demo/react-microfrontend-demo/remote/src/utils/jwtUtils.ts","statementMap":{"0":{"start":{"line":1,"column":27},"end":{"line":1,"column":null}},"1":{"start":{"line":1,"column":42},"end":{"line":1,"column":null}},"2":{"start":{"line":2,"column":27},"end":{"line":2,"column":null}},"3":{"start":{"line":2,"column":46},"end":{"line":2,"column":null}},"4":{"start":{"line":4,"column":21},"end":{"line":7,"column":null}},"5":{"start":{"line":9,"column":21},"end":{"line":12,"column":null}}},"fnMap":{"0":{"name":"(anonymous_0)","decl":{"start":{"line":1,"column":27},"end":{"line":1,"column":28}},"loc":{"start":{"line":1,"column":42},"end":{"line":1,"column":null}}},"1":{"name":"(anonymous_1)","decl":{"start":{"line":2,"column":27},"end":{"line":2,"column":28}},"loc":{"start":{"line":2,"column":46},"end":{"line":2,"column":null}}}},"branchMap":{},"s":{"0":0,"1":0,"2":0,"3":0,"4":0,"5":0},"f":{"0":0,"1":0},"b":{}}
,"/Users/kashyap/Documents/Work/interview/react-microfrontend-demo/react-microfrontend-demo/remote/src/utils/mockdata.ts": {"path":"/Users/kashyap/Documents/Work/interview/react-microfrontend-demo/react-microfrontend-demo/remote/src/utils/mockdata.ts","statementMap":{"0":{"start":{"line":41,"column":33},"end":{"line":60,"column":null}},"1":{"start":{"line":63,"column":41},"end":{"line":78,"column":null}},"2":{"start":{"line":63,"column":78},"end":{"line":78,"column":2}},"3":{"start":{"line":70,"column":47},"end":{"line":77,"column":3}},"4":{"start":{"line":81,"column":23},"end":{"line":109,"column":null}},"5":{"start":{"line":83,"column":2},"end":{"line":92,"column":null}},"6":{"start":{"line":84,"column":3},"end":{"line":91,"column":null}},"7":{"start":{"line":85,"column":17},"end":{"line":85,"column":null}},"8":{"start":{"line":85,"column":39},"end":{"line":85,"column":89}},"9":{"start":{"line":86,"column":4},"end":{"line":90,"column":null}},"10":{"start":{"line":87,"column":5},"end":{"line":87,"column":null}},"11":{"start":{"line":89,"column":5},"end":{"line":89,"column":null}},"12":{"start":{"line":96,"column":2},"end":{"line":98,"column":null}},"13":{"start":{"line":97,"column":3},"end":{"line":97,"column":null}},"14":{"start":{"line":97,"column":20},"end":{"line":97,"column":76}},"15":{"start":{"line":102,"column":2},"end":{"line":107,"column":null}},"16":{"start":{"line":103,"column":3},"end":{"line":106,"column":null}},"17":{"start":{"line":104,"column":18},"end":{"line":104,"column":null}},"18":{"start":{"line":104,"column":47},"end":{"line":104,"column":63}},"19":{"start":{"line":105,"column":4},"end":{"line":105,"column":null}}},"fnMap":{"0":{"name":"(anonymous_0)","decl":{"start":{"line":63,"column":67},"end":{"line":63,"column":68}},"loc":{"start":{"line":63,"column":78},"end":{"line":78,"column":2}}},"1":{"name":"(anonymous_1)","decl":{"start":{"line":70,"column":36},"end":{"line":70,"column":37}},"loc":{"start":{"line":70,"column":47},"end":{"line":77,"column":3}}},"2":{"name":"(anonymous_2)","decl":{"start":{"line":82,"column":8},"end":{"line":82,"column":9}},"loc":{"start":{"line":82,"column":83},"end":{"line":93,"column":null}}},"3":{"name":"(anonymous_3)","decl":{"start":{"line":83,"column":21},"end":{"line":83,"column":22}},"loc":{"start":{"line":83,"column":34},"end":{"line":92,"column":3}}},"4":{"name":"(anonymous_4)","decl":{"start":{"line":84,"column":14},"end":{"line":84,"column":20}},"loc":{"start":{"line":84,"column":20},"end":{"line":91,"column":6}}},"5":{"name":"(anonymous_5)","decl":{"start":{"line":85,"column":32},"end":{"line":85,"column":33}},"loc":{"start":{"line":85,"column":39},"end":{"line":85,"column":89}}},"6":{"name":"(anonymous_6)","decl":{"start":{"line":95,"column":18},"end":{"line":95,"column":55}},"loc":{"start":{"line":95,"column":55},"end":{"line":99,"column":null}}},"7":{"name":"(anonymous_7)","decl":{"start":{"line":96,"column":21},"end":{"line":96,"column":22}},"loc":{"start":{"line":96,"column":34},"end":{"line":98,"column":3}}},"8":{"name":"(anonymous_8)","decl":{"start":{"line":97,"column":14},"end":{"line":97,"column":20}},"loc":{"start":{"line":97,"column":20},"end":{"line":97,"column":76}}},"9":{"name":"(anonymous_9)","decl":{"start":{"line":101,"column":11},"end":{"line":101,"column":12}},"loc":{"start":{"line":101,"column":68},"end":{"line":108,"column":null}}},"10":{"name":"(anonymous_10)","decl":{"start":{"line":102,"column":21},"end":{"line":102,"column":22}},"loc":{"start":{"line":102,"column":34},"end":{"line":107,"column":3}}},"11":{"name":"(anonymous_11)","decl":{"start":{"line":103,"column":14},"end":{"line":103,"column":20}},"loc":{"start":{"line":103,"column":20},"end":{"line":106,"column":6}}},"12":{"name":"(anonymous_12)","decl":{"start":{"line":104,"column":40},"end":{"line":104,"column":41}},"loc":{"start":{"line":104,"column":47},"end":{"line":104,"column":63}}}},"branchMap":{"0":{"loc":{"start":{"line":85,"column":39},"end":{"line":85,"column":89}},"type":"binary-expr","locations":[{"start":{"line":85,"column":39},"end":{"line":85,"column":66}},{"start":{"line":85,"column":66},"end":{"line":85,"column":89}}]},"1":{"loc":{"start":{"line":86,"column":4},"end":{"line":90,"column":null}},"type":"if","locations":[{"start":{"line":86,"column":4},"end":{"line":90,"column":null}},{"start":{"line":88,"column":11},"end":{"line":90,"column":null}}]},"2":{"loc":{"start":{"line":105,"column":22},"end":{"line":105,"column":51}},"type":"cond-expr","locations":[{"start":{"line":105,"column":30},"end":{"line":105,"column":42}},{"start":{"line":105,"column":42},"end":{"line":105,"column":51}}]},"3":{"loc":{"start":{"line":105,"column":57},"end":{"line":105,"column":71}},"type":"binary-expr","locations":[{"start":{"line":105,"column":57},"end":{"line":105,"column":66}},{"start":{"line":105,"column":66},"end":{"line":105,"column":71}}]}},"s":{"0":0,"1":0,"2":0,"3":0,"4":0,"5":0,"6":0,"7":0,"8":0,"9":0,"10":0,"11":0,"12":0,"13":0,"14":0,"15":0,"16":0,"17":0,"18":0,"19":0},"f":{"0":0,"1":0,"2":0,"3":0,"4":0,"5":0,"6":0,"7":0,"8":0,"9":0,"10":0,"11":0,"12":0},"b":{"0":[0,0],"1":[0,0],"2":[0,0],"3":[0,0]}}
}
